2026-04-10T09:51:46.412+02:00  INFO 26716 --- [ecommerce_backend] [restartedMain] c.b.e.b.EcommerceBackendApplication      : Starting EcommerceBackendApplication using Java 25 with PID 26716 (C:\Users\matte\eclipse-workspace\ecommerce_backend\target\classes started by matte in C:\Users\matte\eclipse-workspace\ecommerce_backend)
2026-04-10T09:51:46.416+02:00 DEBUG 26716 --- [ecommerce_backend] [restartedMain] c.b.e.b.EcommerceBackendApplication      : Running with Spring Boot v4.0.3, Spring v7.0.5
2026-04-10T09:51:46.417+02:00  INFO 26716 --- [ecommerce_backend] [restartedMain] c.b.e.b.EcommerceBackendApplication      : No active profile set, falling back to 1 default profile: "default"
2026-04-10T09:51:46.456+02:00  INFO 26716 --- [ecommerce_backend] [restartedMain] .e.DevToolsPropertyDefaultsPostProcessor : Devtools property defaults active! Set 'spring.devtools.add-properties' to 'false' to disable
2026-04-10T09:51:46.457+02:00  INFO 26716 --- [ecommerce_backend] [restartedMain] .e.DevToolsPropertyDefaultsPostProcessor : For additional web related logging consider setting the 'logging.level.web' property to 'DEBUG'
2026-04-10T09:51:47.676+02:00  INFO 26716 --- [ecommerce_backend] [restartedMain] .s.d.r.c.RepositoryConfigurationDelegate : Bootstrapping Spring Data JPA repositories in DEFAULT mode.
2026-04-10T09:51:47.762+02:00  INFO 26716 --- [ecommerce_backend] [restartedMain] .s.d.r.c.RepositoryConfigurationDelegate : Finished Spring Data repository scanning in 76 ms. Found 17 JPA repository interfaces.
2026-04-10T09:51:48.425+02:00  INFO 26716 --- [ecommerce_backend] [restartedMain] o.s.boot.tomcat.TomcatWebServer          : Tomcat initialized with port 9090 (http)
2026-04-10T09:51:48.439+02:00  INFO 26716 --- [ecommerce_backend] [restartedMain] o.apache.catalina.core.StandardService   : Starting service [Tomcat]
2026-04-10T09:51:48.439+02:00  INFO 26716 --- [ecommerce_backend] [restartedMain] o.apache.catalina.core.StandardEngine    : Starting Servlet engine: [Apache Tomcat/11.0.18]
2026-04-10T09:51:48.484+02:00  INFO 26716 --- [ecommerce_backend] [restartedMain] b.w.c.s.WebApplicationContextInitializer : Root WebApplicationContext: initialization completed in 2026 ms
2026-04-10T09:51:48.609+02:00  INFO 26716 --- [ecommerce_backend] [restartedMain] com.zaxxer.hikari.HikariDataSource       : HikariPool-1 - Starting...
2026-04-10T09:51:48.914+02:00  INFO 26716 --- [ecommerce_backend] [restartedMain] com.zaxxer.hikari.pool.HikariPool        : HikariPool-1 - Added connection org.postgresql.jdbc.PgConnection@69de20e9
2026-04-10T09:51:48.915+02:00  INFO 26716 --- [ecommerce_backend] [restartedMain] com.zaxxer.hikari.HikariDataSource       : HikariPool-1 - Start completed.
2026-04-10T09:51:48.950+02:00  INFO 26716 --- [ecommerce_backend] [restartedMain] org.hibernate.orm.jpa                    : HHH008540: Processing PersistenceUnitInfo [name: default]
2026-04-10T09:51:49.029+02:00  INFO 26716 --- [ecommerce_backend] [restartedMain] org.hibernate.orm.core                   : HHH000001: Hibernate ORM core version 7.2.4.Final
2026-04-10T09:51:49.539+02:00  INFO 26716 --- [ecommerce_backend] [restartedMain] o.s.o.j.p.SpringPersistenceUnitInfo      : No LoadTimeWeaver setup: ignoring JPA class transformer
2026-04-10T09:51:49.651+02:00  INFO 26716 --- [ecommerce_backend] [restartedMain] org.hibernate.orm.connections.pooling    : HHH10001005: Database info:
	Database JDBC URL [jdbc:postgresql://localhost:5432/ecommerce_db]
	Database driver: PostgreSQL JDBC Driver
	Database dialect: PostgreSQLDialect
	Database version: 18.1
	Default catalog/schema: ecommerce_db/public
	Autocommit mode: undefined/unknown
	Isolation level: READ_COMMITTED [default READ_COMMITTED]
	JDBC fetch size: none
	Pool: DataSourceConnectionProvider
	Minimum pool size: undefined/unknown
	Maximum pool size: undefined/unknown
2026-04-10T09:51:50.811+02:00  INFO 26716 --- [ecommerce_backend] [restartedMain] org.hibernate.orm.core                   : HHH000489: No JTA platform available (set 'hibernate.transaction.jta.platform' to enable JTA platform integration)
2026-04-10T09:51:50.848+02:00  INFO 26716 --- [ecommerce_backend] [restartedMain] j.LocalContainerEntityManagerFactoryBean : Initialized JPA EntityManagerFactory for persistence unit 'default'
2026-04-10T09:51:50.928+02:00  INFO 26716 --- [ecommerce_backend] [restartedMain] o.s.d.j.r.query.QueryEnhancerFactories   : Hibernate is in classpath; If applicable, HQL parser will be used.
2026-04-10T09:51:51.147+02:00 DEBUG 26716 --- [ecommerce_backend] [restartedMain] c.b.e.backend.security.JwtFilter         : Filter 'jwtFilter' configured for use
2026-04-10T09:51:51.208+02:00  INFO 26716 --- [ecommerce_backend] [restartedMain] r$InitializeUserDetailsManagerConfigurer : Global AuthenticationManager configured with UserDetailsService bean with name customUserDetailsService
2026-04-10T09:51:52.545+02:00  WARN 26716 --- [ecommerce_backend] [restartedMain] JpaBaseConfiguration$JpaWebConfiguration : spring.jpa.open-in-view is enabled by default. Therefore, database queries may be performed during view rendering. Explicitly configure spring.jpa.open-in-view to disable this warning
2026-04-10T09:51:53.480+02:00 DEBUG 26716 --- [ecommerce_backend] [restartedMain] c.b.e.b.configuration.WebImgConfig       : uploadLocation
2026-04-10T09:51:53.961+02:00  INFO 26716 --- [ecommerce_backend] [restartedMain] o.s.b.h.a.H2ConsoleAutoConfiguration     : H2 console available at '/h2-console'. Database available at 'jdbc:postgresql://localhost:5432/ecommerce_db'
2026-04-10T09:51:54.043+02:00  INFO 26716 --- [ecommerce_backend] [restartedMain] o.s.boot.tomcat.TomcatWebServer          : Tomcat started on port 9090 (http) with context path '/'
2026-04-10T09:51:54.051+02:00  INFO 26716 --- [ecommerce_backend] [restartedMain] c.b.e.b.EcommerceBackendApplication      : Started EcommerceBackendApplication in 7.96 seconds (process running for 8.685)
2026-04-10T09:51:54.055+02:00  WARN 26716 --- [ecommerce_backend] [restartedMain] o.s.core.events.SpringDocAppInitializer  : SpringDoc /v3/api-docs endpoint is enabled by default. To disable it in production, set the property 'springdoc.api-docs.enabled=false'
2026-04-10T09:51:54.056+02:00  WARN 26716 --- [ecommerce_backend] [restartedMain] o.s.core.events.SpringDocAppInitializer  : SpringDoc /swagger-ui.html endpoint is enabled by default. To disable it in production, set the property 'springdoc.swagger-ui.enabled=false'
2026-04-10T09:52:24.272+02:00  INFO 26716 --- [ecommerce_backend] [http-nio-9090-exec-1] o.a.c.c.C.[Tomcat].[localhost].[/]       : Initializing Spring DispatcherServlet 'dispatcherServlet'
2026-04-10T09:52:24.273+02:00  INFO 26716 --- [ecommerce_backend] [http-nio-9090-exec-1] o.s.web.servlet.DispatcherServlet        : Initializing Servlet 'dispatcherServlet'
2026-04-10T09:52:24.275+02:00  INFO 26716 --- [ecommerce_backend] [http-nio-9090-exec-1] o.s.web.servlet.DispatcherServlet        : Completed initialization in 2 ms
2026-04-10T09:52:35.827+02:00 DEBUG 26716 --- [ecommerce_backend] [http-nio-9090-exec-6] c.b.ecommerce.backend.auth.AuthServices  : ADMIN
2026-04-10T09:52:35.950+02:00 DEBUG 26716 --- [ecommerce_backend] [http-nio-9090-exec-10] c.b.e.b.s.i.MangaImplementation          : Inizio getBestSellers
2026-04-10T09:52:35.950+02:00 DEBUG 26716 --- [ecommerce_backend] [http-nio-9090-exec-9] c.b.e.b.s.i.MangaImplementation          : Inizio getLatestArrives
2026-04-10T09:52:35.951+02:00 DEBUG 26716 --- [ecommerce_backend] [http-nio-9090-exec-1] c.b.e.b.s.i.MangaImplementation          : Inizio getAdvices per account: 1
2026-04-10T09:52:35.960+02:00 DEBUG 26716 --- [ecommerce_backend] [http-nio-9090-exec-5] c.b.e.b.s.i.CarrelloImplementation       : Carrello: Carrello(id=1)
2026-04-10T09:52:35.987+02:00 DEBUG 26716 --- [ecommerce_backend] [http-nio-9090-exec-6] c.b.e.b.s.i.MangaImplementation          : Inizio getBestSellers
2026-04-10T09:53:00.355+02:00 DEBUG 26716 --- [ecommerce_backend] [http-nio-9090-exec-3] c.b.e.b.s.i.CarrelloImplementation       : Carrello: Carrello(id=1)
2026-04-10T09:53:00.384+02:00 DEBUG 26716 --- [ecommerce_backend] [http-nio-9090-exec-8] c.b.e.b.s.i.MangaImplementation          : Inizio getAdvices per account: 1
2026-04-10T09:53:00.384+02:00 DEBUG 26716 --- [ecommerce_backend] [http-nio-9090-exec-2] c.b.e.b.s.i.MangaImplementation          : Inizio getLatestArrives
2026-04-10T09:53:00.385+02:00 DEBUG 26716 --- [ecommerce_backend] [http-nio-9090-exec-6] c.b.e.b.s.i.MangaImplementation          : Inizio getBestSellers
2026-04-10T09:53:00.404+02:00 DEBUG 26716 --- [ecommerce_backend] [http-nio-9090-exec-4] c.b.e.b.s.i.MangaImplementation          : Inizio getBestSellers
2026-04-10T09:53:49.953+02:00 DEBUG 26716 --- [ecommerce_backend] [http-nio-9090-exec-9] c.b.e.b.s.i.CarrelloImplementation       : Carrello: Carrello(id=1)
2026-04-10T09:53:50.296+02:00 DEBUG 26716 --- [ecommerce_backend] [http-nio-9090-exec-2] c.b.e.b.s.i.MangaImplementation          : Inizio getBestSellers
2026-04-10T09:53:50.378+02:00 DEBUG 26716 --- [ecommerce_backend] [http-nio-9090-exec-4] c.b.e.b.s.i.MangaImplementation          : Inizio getLatestArrives
2026-04-10T09:53:50.404+02:00 DEBUG 26716 --- [ecommerce_backend] [http-nio-9090-exec-1] c.b.e.b.s.i.MangaImplementation          : Inizio getBestSellers
2026-04-10T09:53:50.433+02:00 DEBUG 26716 --- [ecommerce_backend] [http-nio-9090-exec-5] c.b.e.b.s.i.MangaImplementation          : Inizio getAdvices per account: 1
2026-04-10T09:53:51.845+02:00 DEBUG 26716 --- [ecommerce_backend] [http-nio-9090-exec-2] c.b.e.b.s.i.CarrelloImplementation       : Carrello: Carrello(id=1)
2026-04-10T09:53:52.129+02:00 DEBUG 26716 --- [ecommerce_backend] [http-nio-9090-exec-9] c.b.e.b.s.i.MangaImplementation          : Inizio getBestSellers
2026-04-10T09:53:52.128+02:00 DEBUG 26716 --- [ecommerce_backend] [http-nio-9090-exec-5] c.b.e.b.s.i.MangaImplementation          : Inizio getLatestArrives
2026-04-10T09:53:52.157+02:00 DEBUG 26716 --- [ecommerce_backend] [http-nio-9090-exec-3] c.b.e.b.s.i.MangaImplementation          : Inizio getBestSellers
2026-04-10T09:53:52.167+02:00 DEBUG 26716 --- [ecommerce_backend] [http-nio-9090-exec-10] c.b.e.b.s.i.MangaImplementation          : Inizio getAdvices per account: 1
2026-04-10T09:53:57.351+02:00 DEBUG 26716 --- [ecommerce_backend] [http-nio-9090-exec-3] c.b.e.b.s.i.MangaImplementation          : Inizio getBestSellers
2026-04-10T09:53:57.362+02:00 DEBUG 26716 --- [ecommerce_backend] [http-nio-9090-exec-10] c.b.e.b.s.i.MangaImplementation          : Inizio getLatestArrives
2026-04-10T09:53:57.372+02:00 DEBUG 26716 --- [ecommerce_backend] [http-nio-9090-exec-4] c.b.e.b.s.i.CarrelloImplementation       : Carrello: Carrello(id=1)
2026-04-10T09:53:57.372+02:00 DEBUG 26716 --- [ecommerce_backend] [http-nio-9090-exec-2] c.b.e.b.s.i.MangaImplementation          : Inizio getAdvices per account: 1
2026-04-10T09:53:57.397+02:00 DEBUG 26716 --- [ecommerce_backend] [http-nio-9090-exec-8] c.b.e.b.s.i.MangaImplementation          : Inizio getBestSellers
2026-04-10T09:54:03.848+02:00 DEBUG 26716 --- [ecommerce_backend] [http-nio-9090-exec-3] c.b.e.b.s.i.CarrelloImplementation       : Carrello: Carrello(id=1)
2026-04-10T09:54:03.997+02:00 DEBUG 26716 --- [ecommerce_backend] [http-nio-9090-exec-7] c.b.e.b.s.i.MangaImplementation          : Inizio getBestSellers
2026-04-10T09:54:04.016+02:00 DEBUG 26716 --- [ecommerce_backend] [http-nio-9090-exec-8] c.b.e.b.s.i.MangaImplementation          : Inizio getBestSellers
2026-04-10T09:54:04.016+02:00 DEBUG 26716 --- [ecommerce_backend] [http-nio-9090-exec-1] c.b.e.b.s.i.MangaImplementation          : Inizio getAdvices per account: 1
2026-04-10T09:54:04.033+02:00 DEBUG 26716 --- [ecommerce_backend] [http-nio-9090-exec-5] c.b.e.b.s.i.MangaImplementation          : Inizio getLatestArrives
2026-04-10T09:54:09.225+02:00 DEBUG 26716 --- [ecommerce_backend] [http-nio-9090-exec-4] c.b.e.b.s.i.CarrelloImplementation       : Carrello: Carrello(id=1)
2026-04-10T09:54:09.319+02:00 DEBUG 26716 --- [ecommerce_backend] [http-nio-9090-exec-5] c.b.e.b.s.i.MangaImplementation          : Inizio getBestSellers
2026-04-10T09:54:09.319+02:00 DEBUG 26716 --- [ecommerce_backend] [http-nio-9090-exec-3] c.b.e.b.s.i.MangaImplementation          : Inizio getLatestArrives
2026-04-10T09:54:09.319+02:00 DEBUG 26716 --- [ecommerce_backend] [http-nio-9090-exec-9] c.b.e.b.s.i.MangaImplementation          : Inizio getAdvices per account: 1
2026-04-10T09:54:09.340+02:00 DEBUG 26716 --- [ecommerce_backend] [http-nio-9090-exec-6] c.b.e.b.s.i.MangaImplementation          : Inizio getBestSellers
2026-04-10T09:54:22.953+02:00 DEBUG 26716 --- [ecommerce_backend] [http-nio-9090-exec-7] c.b.ecommerce.backend.auth.AuthServices  : ADMIN
2026-04-10T09:54:22.986+02:00 DEBUG 26716 --- [ecommerce_backend] [http-nio-9090-exec-3] c.b.e.b.s.i.CarrelloImplementation       : Carrello: Carrello(id=1)
2026-04-10T09:54:23.003+02:00 DEBUG 26716 --- [ecommerce_backend] [http-nio-9090-exec-8] c.b.e.b.s.i.MangaImplementation          : Inizio getBestSellers
2026-04-10T09:54:23.003+02:00 DEBUG 26716 --- [ecommerce_backend] [http-nio-9090-exec-1] c.b.e.b.s.i.MangaImplementation          : Inizio getAdvices per account: 1
2026-04-10T09:54:23.003+02:00 DEBUG 26716 --- [ecommerce_backend] [http-nio-9090-exec-4] c.b.e.b.s.i.MangaImplementation          : Inizio getLatestArrives
2026-04-10T09:54:23.024+02:00 DEBUG 26716 --- [ecommerce_backend] [http-nio-9090-exec-2] c.b.e.b.s.i.MangaImplementation          : Inizio getBestSellers
2026-04-10T09:54:28.083+02:00 DEBUG 26716 --- [ecommerce_backend] [http-nio-9090-exec-6] c.b.e.b.s.i.CarrelloImplementation       : Carrello: Carrello(id=1)
2026-04-10T09:54:28.754+02:00 DEBUG 26716 --- [ecommerce_backend] [http-nio-9090-exec-9] c.b.e.b.s.i.MangaImplementation          : Inizio getBestSellers
2026-04-10T09:54:28.754+02:00 DEBUG 26716 --- [ecommerce_backend] [http-nio-9090-exec-2] c.b.e.b.s.i.MangaImplementation          : Inizio getLatestArrives
2026-04-10T09:54:28.754+02:00 DEBUG 26716 --- [ecommerce_backend] [http-nio-9090-exec-10] c.b.e.b.s.i.MangaImplementation          : Inizio getAdvices per account: 1
2026-04-10T09:54:28.771+02:00 DEBUG 26716 --- [ecommerce_backend] [http-nio-9090-exec-6] c.b.e.b.s.i.MangaImplementation          : Inizio getBestSellers
2026-04-10T09:56:43.963+02:00  INFO 26716 --- [ecommerce_backend] [File Watcher] rtingClassPathChangeChangedEventListener : Restarting due to 3 class path changes (0 additions, 0 deletions, 3 modifications)
2026-04-10T09:56:43.970+02:00  INFO 26716 --- [ecommerce_backend] [Thread-1] o.s.boot.tomcat.GracefulShutdown         : Commencing graceful shutdown. Waiting for active requests to complete
2026-04-10T09:56:43.981+02:00  INFO 26716 --- [ecommerce_backend] [tomcat-shutdown] o.s.boot.tomcat.GracefulShutdown         : Graceful shutdown complete
2026-04-10T09:56:43.988+02:00  INFO 26716 --- [ecommerce_backend] [Thread-1] j.LocalContainerEntityManagerFactoryBean : Closing JPA EntityManagerFactory for persistence unit 'default'
2026-04-10T09:56:43.991+02:00  INFO 26716 --- [ecommerce_backend] [Thread-1] com.zaxxer.hikari.HikariDataSource       : HikariPool-1 - Shutdown initiated...
2026-04-10T09:56:43.999+02:00  INFO 26716 --- [ecommerce_backend] [Thread-1] com.zaxxer.hikari.HikariDataSource       : HikariPool-1 - Shutdown completed.
2026-04-10T09:56:44.112+02:00  INFO 26716 --- [ecommerce_backend] [restartedMain] c.b.e.b.EcommerceBackendApplication      : Starting EcommerceBackendApplication using Java 25 with PID 26716 (C:\Users\matte\eclipse-workspace\ecommerce_backend\target\classes started by matte in C:\Users\matte\eclipse-workspace\ecommerce_backend)
2026-04-10T09:56:44.112+02:00 DEBUG 26716 --- [ecommerce_backend] [restartedMain] c.b.e.b.EcommerceBackendApplication      : Running with Spring Boot v4.0.3, Spring v7.0.5
2026-04-10T09:56:44.112+02:00  INFO 26716 --- [ecommerce_backend] [restartedMain] c.b.e.b.EcommerceBackendApplication      : No active profile set, falling back to 1 default profile: "default"
2026-04-10T09:56:45.143+02:00  INFO 26716 --- [ecommerce_backend] [restartedMain] .s.d.r.c.RepositoryConfigurationDelegate : Bootstrapping Spring Data JPA repositories in DEFAULT mode.
2026-04-10T09:56:45.199+02:00  INFO 26716 --- [ecommerce_backend] [restartedMain] .s.d.r.c.RepositoryConfigurationDelegate : Finished Spring Data repository scanning in 53 ms. Found 17 JPA repository interfaces.
2026-04-10T09:56:45.453+02:00  INFO 26716 --- [ecommerce_backend] [restartedMain] o.s.boot.tomcat.TomcatWebServer          : Tomcat initialized with port 9090 (http)
2026-04-10T09:56:45.456+02:00  INFO 26716 --- [ecommerce_backend] [restartedMain] o.apache.catalina.core.StandardService   : Starting service [Tomcat]
2026-04-10T09:56:45.457+02:00  INFO 26716 --- [ecommerce_backend] [restartedMain] o.apache.catalina.core.StandardEngine    : Starting Servlet engine: [Apache Tomcat/11.0.18]
2026-04-10T09:56:45.505+02:00  INFO 26716 --- [ecommerce_backend] [restartedMain] b.w.c.s.WebApplicationContextInitializer : Root WebApplicationContext: initialization completed in 1391 ms
2026-04-10T09:56:45.595+02:00  INFO 26716 --- [ecommerce_backend] [restartedMain] com.zaxxer.hikari.HikariDataSource       : HikariPool-2 - Starting...
2026-04-10T09:56:45.783+02:00  INFO 26716 --- [ecommerce_backend] [restartedMain] com.zaxxer.hikari.pool.HikariPool        : HikariPool-2 - Added connection org.postgresql.jdbc.PgConnection@513dab39
2026-04-10T09:56:45.784+02:00  INFO 26716 --- [ecommerce_backend] [restartedMain] com.zaxxer.hikari.HikariDataSource       : HikariPool-2 - Start completed.
2026-04-10T09:56:45.787+02:00  INFO 26716 --- [ecommerce_backend] [restartedMain] org.hibernate.orm.jpa                    : HHH008540: Processing PersistenceUnitInfo [name: default]
2026-04-10T09:56:45.839+02:00  INFO 26716 --- [ecommerce_backend] [restartedMain] o.s.o.j.p.SpringPersistenceUnitInfo      : No LoadTimeWeaver setup: ignoring JPA class transformer
2026-04-10T09:56:45.864+02:00  INFO 26716 --- [ecommerce_backend] [restartedMain] org.hibernate.orm.connections.pooling    : HHH10001005: Database info:
	Database JDBC URL [jdbc:postgresql://localhost:5432/ecommerce_db]
	Database driver: PostgreSQL JDBC Driver
	Database dialect: PostgreSQLDialect
	Database version: 18.1
	Default catalog/schema: ecommerce_db/public
	Autocommit mode: undefined/unknown
	Isolation level: READ_COMMITTED [default READ_COMMITTED]
	JDBC fetch size: none
	Pool: DataSourceConnectionProvider
	Minimum pool size: undefined/unknown
	Maximum pool size: undefined/unknown
2026-04-10T09:56:46.294+02:00  INFO 26716 --- [ecommerce_backend] [restartedMain] org.hibernate.orm.core                   : HHH000489: No JTA platform available (set 'hibernate.transaction.jta.platform' to enable JTA platform integration)
2026-04-10T09:56:46.303+02:00  INFO 26716 --- [ecommerce_backend] [restartedMain] j.LocalContainerEntityManagerFactoryBean : Initialized JPA EntityManagerFactory for persistence unit 'default'
2026-04-10T09:56:46.399+02:00 DEBUG 26716 --- [ecommerce_backend] [restartedMain] c.b.e.backend.security.JwtFilter         : Filter 'jwtFilter' configured for use
2026-04-10T09:56:46.431+02:00  INFO 26716 --- [ecommerce_backend] [restartedMain] r$InitializeUserDetailsManagerConfigurer : Global AuthenticationManager configured with UserDetailsService bean with name customUserDetailsService
2026-04-10T09:56:46.876+02:00  WARN 26716 --- [ecommerce_backend] [restartedMain] JpaBaseConfiguration$JpaWebConfiguration : spring.jpa.open-in-view is enabled by default. Therefore, database queries may be performed during view rendering. Explicitly configure spring.jpa.open-in-view to disable this warning
2026-04-10T09:56:47.076+02:00 DEBUG 26716 --- [ecommerce_backend] [restartedMain] c.b.e.b.configuration.WebImgConfig       : uploadLocation
2026-04-10T09:56:47.195+02:00  INFO 26716 --- [ecommerce_backend] [restartedMain] o.s.b.h.a.H2ConsoleAutoConfiguration     : H2 console available at '/h2-console'. Database available at 'jdbc:postgresql://localhost:5432/ecommerce_db'
2026-04-10T09:56:47.221+02:00  INFO 26716 --- [ecommerce_backend] [restartedMain] o.s.boot.tomcat.TomcatWebServer          : Tomcat started on port 9090 (http) with context path '/'
2026-04-10T09:56:47.225+02:00  INFO 26716 --- [ecommerce_backend] [restartedMain] c.b.e.b.EcommerceBackendApplication      : Started EcommerceBackendApplication in 3.15 seconds (process running for 301.859)
2026-04-10T09:56:47.226+02:00  WARN 26716 --- [ecommerce_backend] [restartedMain] o.s.core.events.SpringDocAppInitializer  : SpringDoc /v3/api-docs endpoint is enabled by default. To disable it in production, set the property 'springdoc.api-docs.enabled=false'
2026-04-10T09:56:47.227+02:00  WARN 26716 --- [ecommerce_backend] [restartedMain] o.s.core.events.SpringDocAppInitializer  : SpringDoc /swagger-ui.html endpoint is enabled by default. To disable it in production, set the property 'springdoc.swagger-ui.enabled=false'
2026-04-10T09:56:47.228+02:00  INFO 26716 --- [ecommerce_backend] [restartedMain] .ConditionEvaluationDeltaLoggingListener : Condition evaluation unchanged
2026-04-10T09:57:08.810+02:00  INFO 26716 --- [ecommerce_backend] [RMI TCP Connection(7)-127.0.0.1] inMXBeanRegistrar$SpringApplicationAdmin : Application shutdown requested.
2026-04-10T09:57:08.811+02:00  INFO 26716 --- [ecommerce_backend] [RMI TCP Connection(7)-127.0.0.1] o.s.boot.tomcat.GracefulShutdown         : Commencing graceful shutdown. Waiting for active requests to complete
2026-04-10T09:57:08.820+02:00  INFO 26716 --- [ecommerce_backend] [tomcat-shutdown] o.s.boot.tomcat.GracefulShutdown         : Graceful shutdown complete
2026-04-10T09:57:08.823+02:00  INFO 26716 --- [ecommerce_backend] [RMI TCP Connection(7)-127.0.0.1] j.LocalContainerEntityManagerFactoryBean : Closing JPA EntityManagerFactory for persistence unit 'default'
2026-04-10T09:57:08.823+02:00  INFO 26716 --- [ecommerce_backend] [RMI TCP Connection(7)-127.0.0.1] com.zaxxer.hikari.HikariDataSource       : HikariPool-2 - Shutdown initiated...
2026-04-10T09:57:08.826+02:00  INFO 26716 --- [ecommerce_backend] [RMI TCP Connection(7)-127.0.0.1] com.zaxxer.hikari.HikariDataSource       : HikariPool-2 - Shutdown completed.
